[NX Daemon Server] - 2024-10-12T08:10:01.634Z - Started listening on: /var/folders/d9/xd7nw2qd79z_1vtd0bjhr0bc0000gn/T/e772d68769f10a4b6b2e/d.sock
[NX Daemon Server] - 2024-10-12T08:10:01.638Z - [WATCHER]: Subscribed to changes within: /Users/gaoge/code/demo/lerna-demo (native)
[NX Daemon Server] - 2024-10-12T08:10:01.639Z - Established a connection. Number of open connections: 1
[NX Daemon Server] - 2024-10-12T08:10:01.639Z - Established a connection. Number of open connections: 2
[NX Daemon Server] - 2024-10-12T08:10:01.639Z - Closed a connection. Number of open connections: 1
[NX Daemon Server] - 2024-10-12T08:10:01.640Z - [REQUEST]: Client Request for Project Graph Received
[NX Daemon Server] - 2024-10-12T08:10:01.695Z - [WATCHER]: Processing file changes in outputs
[NX Daemon Server] - 2024-10-12T08:10:01.725Z - [REQUEST]: Updated workspace context based on watched changes, recomputing project graph...
[NX Daemon Server] - 2024-10-12T08:10:01.725Z - [REQUEST]: 
[NX Daemon Server] - 2024-10-12T08:10:01.725Z - [REQUEST]: 
[NX Daemon Server] - 2024-10-12T08:10:01.728Z - Time taken for 'loadNxPlugins' 84.66416699999999ms

 NX   Failed to parse pnpm lockfile

Please open an issue at `https://github.com/nrwl/nx/issues/new?template=1-bug.yml` and provide a reproduction.

Original error: Could not find ".modules.yaml" at "/Users/gaoge/code/demo/lerna-demo/node_modules/.modules.yaml"


Error: Could not find ".modules.yaml" at "/Users/gaoge/code/demo/lerna-demo/node_modules/.modules.yaml"
    at loadPnpmHoistedDepsDefinition (/Users/gaoge/Library/pnpm/global/5/.pnpm/nx@19.8.2/node_modules/nx/src/plugins/js/lock-file/utils/pnpm-normalizer.js:40:15)
    at getNodes (/Users/gaoge/Library/pnpm/global/5/.pnpm/nx@19.8.2/node_modules/nx/src/plugins/js/lock-file/pnpm-parser.js:213:77)
    at getPnpmLockfileNodes (/Users/gaoge/Library/pnpm/global/5/.pnpm/nx@19.8.2/node_modules/nx/src/plugins/js/lock-file/pnpm-parser.js:32:12)
    at getLockFileNodes (/Users/gaoge/Library/pnpm/global/5/.pnpm/nx@19.8.2/node_modules/nx/src/plugins/js/lock-file/lock-file.js:48:59)
    at exports.createNodes (/Users/gaoge/Library/pnpm/global/5/.pnpm/nx@19.8.2/node_modules/nx/src/plugins/js/index.js:47:64)
    at /Users/gaoge/Library/pnpm/global/5/.pnpm/nx@19.8.2/node_modules/nx/src/project-graph/plugins/utils.js:47:33
    at Array.map (<anonymous>)
    at createNodesFromFiles (/Users/gaoge/Library/pnpm/global/5/.pnpm/nx@19.8.2/node_modules/nx/src/project-graph/plugins/utils.js:45:35)
    at LoadedNxPlugin.createNodes (/Users/gaoge/Library/pnpm/global/5/.pnpm/nx@19.8.2/node_modules/nx/src/project-graph/plugins/internal-api.js:27:76)
    at LoadedNxPlugin.createNodes.<computed> (/Users/gaoge/Library/pnpm/global/5/.pnpm/nx@19.8.2/node_modules/nx/src/project-graph/plugins/internal-api.js:44:34)

[NX Daemon Server] - 2024-10-12T08:10:01.952Z - Time taken for 'build-project-configs' 220.34108400000002ms
[NX Daemon Server] - 2024-10-12T08:10:01.954Z - [REQUEST]: Responding to the client with an error. Error when preparing serialized project graph. Failed to process project graph. Run "nx reset" to fix this. Please report the issue if you keep seeing it.
Failed to process project graph. Run "nx reset" to fix this. Please report the issue if you keep seeing it.
      An error occurred while processing files for the nx/js/dependencies-and-lockfile plugin.
    - pnpm-lock.yaml: Could not find ".modules.yaml" at "/Users/gaoge/code/demo/lerna-demo/node_modules/.modules.yaml"
      Error: Could not find ".modules.yaml" at "/Users/gaoge/code/demo/lerna-demo/node_modules/.modules.yaml"
          at loadPnpmHoistedDepsDefinition (/Users/gaoge/Library/pnpm/global/5/.pnpm/nx@19.8.2/node_modules/nx/src/plugins/js/lock-file/utils/pnpm-normalizer.js:40:15)
          at getNodes (/Users/gaoge/Library/pnpm/global/5/.pnpm/nx@19.8.2/node_modules/nx/src/plugins/js/lock-file/pnpm-parser.js:213:77)
          at getPnpmLockfileNodes (/Users/gaoge/Library/pnpm/global/5/.pnpm/nx@19.8.2/node_modules/nx/src/plugins/js/lock-file/pnpm-parser.js:32:12)
          at getLockFileNodes (/Users/gaoge/Library/pnpm/global/5/.pnpm/nx@19.8.2/node_modules/nx/src/plugins/js/lock-file/lock-file.js:48:59)
          at exports.createNodes (/Users/gaoge/Library/pnpm/global/5/.pnpm/nx@19.8.2/node_modules/nx/src/plugins/js/index.js:47:64)
          at /Users/gaoge/Library/pnpm/global/5/.pnpm/nx@19.8.2/node_modules/nx/src/project-graph/plugins/utils.js:47:33
          at Array.map (<anonymous>)
          at createNodesFromFiles (/Users/gaoge/Library/pnpm/global/5/.pnpm/nx@19.8.2/node_modules/nx/src/project-graph/plugins/utils.js:45:35)
          at LoadedNxPlugin.createNodes (/Users/gaoge/Library/pnpm/global/5/.pnpm/nx@19.8.2/node_modules/nx/src/project-graph/plugins/internal-api.js:27:76)
          at LoadedNxPlugin.createNodes.<computed> (/Users/gaoge/Library/pnpm/global/5/.pnpm/nx@19.8.2/node_modules/nx/src/project-graph/plugins/internal-api.js:44:34)
[NX Daemon Server] - 2024-10-12T08:10:01.954Z - Time taken for 'total execution time for createProjectGraph()' 1.9783749999999714ms
[NX Daemon Server] - 2024-10-12T08:10:01.954Z - Done responding to the client null
[NX Daemon Server] - 2024-10-12T08:10:01.954Z - Handled REQUEST_PROJECT_GRAPH. Handling time: 314. Response time: 0.
[NX Daemon Server] - 2024-10-12T08:10:01.962Z - Closed a connection. Number of open connections: 0
[NX Daemon Server] - 2024-10-12T08:10:02.020Z - [WATCHER]: 1 file(s) created or restored, 0 file(s) modified, 1 file(s) deleted
[NX Daemon Server] - 2024-10-12T08:10:02.020Z - [WATCHER]: Processing file changes in outputs
[NX Daemon Server] - 2024-10-12T08:10:02.122Z - [REQUEST]: Updated workspace context based on watched changes, recomputing project graph...
[NX Daemon Server] - 2024-10-12T08:10:02.122Z - [REQUEST]: lerna-debug.log
[NX Daemon Server] - 2024-10-12T08:10:02.122Z - [REQUEST]: lerna-debug.log.281698654
[NX Daemon Server] - 2024-10-12T08:10:02.123Z - Time taken for 'hash changed files from watcher' 0.19537500000001273ms

 NX   Failed to parse pnpm lockfile

Please open an issue at `https://github.com/nrwl/nx/issues/new?template=1-bug.yml` and provide a reproduction.

Original error: Could not find ".modules.yaml" at "/Users/gaoge/code/demo/lerna-demo/node_modules/.modules.yaml"


Error: Could not find ".modules.yaml" at "/Users/gaoge/code/demo/lerna-demo/node_modules/.modules.yaml"
    at loadPnpmHoistedDepsDefinition (/Users/gaoge/Library/pnpm/global/5/.pnpm/nx@19.8.2/node_modules/nx/src/plugins/js/lock-file/utils/pnpm-normalizer.js:40:15)
    at getNodes (/Users/gaoge/Library/pnpm/global/5/.pnpm/nx@19.8.2/node_modules/nx/src/plugins/js/lock-file/pnpm-parser.js:213:77)
    at getPnpmLockfileNodes (/Users/gaoge/Library/pnpm/global/5/.pnpm/nx@19.8.2/node_modules/nx/src/plugins/js/lock-file/pnpm-parser.js:32:12)
    at getLockFileNodes (/Users/gaoge/Library/pnpm/global/5/.pnpm/nx@19.8.2/node_modules/nx/src/plugins/js/lock-file/lock-file.js:48:59)
    at exports.createNodes (/Users/gaoge/Library/pnpm/global/5/.pnpm/nx@19.8.2/node_modules/nx/src/plugins/js/index.js:47:64)
    at /Users/gaoge/Library/pnpm/global/5/.pnpm/nx@19.8.2/node_modules/nx/src/project-graph/plugins/utils.js:47:33
    at Array.map (<anonymous>)
    at createNodesFromFiles (/Users/gaoge/Library/pnpm/global/5/.pnpm/nx@19.8.2/node_modules/nx/src/project-graph/plugins/utils.js:45:35)
    at LoadedNxPlugin.createNodes (/Users/gaoge/Library/pnpm/global/5/.pnpm/nx@19.8.2/node_modules/nx/src/project-graph/plugins/internal-api.js:27:76)
    at LoadedNxPlugin.createNodes.<computed> (/Users/gaoge/Library/pnpm/global/5/.pnpm/nx@19.8.2/node_modules/nx/src/project-graph/plugins/internal-api.js:44:34)

[NX Daemon Server] - 2024-10-12T08:10:02.128Z - Time taken for 'build-project-configs' 4.4246669999999995ms
[NX Daemon Server] - 2024-10-12T08:10:02.128Z - Time taken for 'total execution time for createProjectGraph()' 0.9354580000000396ms
[NX Daemon Server] - 2024-10-12T08:10:09.979Z - Established a connection. Number of open connections: 1
[NX Daemon Server] - 2024-10-12T08:10:09.979Z - Closed a connection. Number of open connections: 0
[NX Daemon Server] - 2024-10-12T08:10:09.979Z - Established a connection. Number of open connections: 1
[NX Daemon Server] - 2024-10-12T08:10:09.980Z - [REQUEST]: Client Request for Project Graph Received
[NX Daemon Server] - 2024-10-12T08:10:09.982Z - [REQUEST]: Updated workspace context based on watched changes, recomputing project graph...
[NX Daemon Server] - 2024-10-12T08:10:09.982Z - [REQUEST]: 
[NX Daemon Server] - 2024-10-12T08:10:09.982Z - [REQUEST]: 
[NX Daemon Server] - 2024-10-12T08:10:09.983Z - Time taken for 'hash changed files from watcher' 2.0442089999996824ms

 NX   Failed to parse pnpm lockfile

Please open an issue at `https://github.com/nrwl/nx/issues/new?template=1-bug.yml` and provide a reproduction.

Original error: Could not find ".modules.yaml" at "/Users/gaoge/code/demo/lerna-demo/node_modules/.modules.yaml"


Error: Could not find ".modules.yaml" at "/Users/gaoge/code/demo/lerna-demo/node_modules/.modules.yaml"
    at loadPnpmHoistedDepsDefinition (/Users/gaoge/Library/pnpm/global/5/.pnpm/nx@19.8.2/node_modules/nx/src/plugins/js/lock-file/utils/pnpm-normalizer.js:40:15)
    at getNodes (/Users/gaoge/Library/pnpm/global/5/.pnpm/nx@19.8.2/node_modules/nx/src/plugins/js/lock-file/pnpm-parser.js:213:77)
    at getPnpmLockfileNodes (/Users/gaoge/Library/pnpm/global/5/.pnpm/nx@19.8.2/node_modules/nx/src/plugins/js/lock-file/pnpm-parser.js:32:12)
    at getLockFileNodes (/Users/gaoge/Library/pnpm/global/5/.pnpm/nx@19.8.2/node_modules/nx/src/plugins/js/lock-file/lock-file.js:48:59)
    at exports.createNodes (/Users/gaoge/Library/pnpm/global/5/.pnpm/nx@19.8.2/node_modules/nx/src/plugins/js/index.js:47:64)
    at /Users/gaoge/Library/pnpm/global/5/.pnpm/nx@19.8.2/node_modules/nx/src/project-graph/plugins/utils.js:47:33
    at Array.map (<anonymous>)
    at createNodesFromFiles (/Users/gaoge/Library/pnpm/global/5/.pnpm/nx@19.8.2/node_modules/nx/src/project-graph/plugins/utils.js:45:35)
    at LoadedNxPlugin.createNodes (/Users/gaoge/Library/pnpm/global/5/.pnpm/nx@19.8.2/node_modules/nx/src/project-graph/plugins/internal-api.js:27:76)
    at LoadedNxPlugin.createNodes.<computed> (/Users/gaoge/Library/pnpm/global/5/.pnpm/nx@19.8.2/node_modules/nx/src/project-graph/plugins/internal-api.js:44:34)

[NX Daemon Server] - 2024-10-12T08:10:09.985Z - Time taken for 'build-project-configs' 2.694083000000319ms
[NX Daemon Server] - 2024-10-12T08:10:09.986Z - [REQUEST]: Responding to the client with an error. Error when preparing serialized project graph. Failed to process project graph. Run "nx reset" to fix this. Please report the issue if you keep seeing it.
Failed to process project graph. Run "nx reset" to fix this. Please report the issue if you keep seeing it.
      An error occurred while processing files for the nx/js/dependencies-and-lockfile plugin.
    - pnpm-lock.yaml: Could not find ".modules.yaml" at "/Users/gaoge/code/demo/lerna-demo/node_modules/.modules.yaml"
      Error: Could not find ".modules.yaml" at "/Users/gaoge/code/demo/lerna-demo/node_modules/.modules.yaml"
          at loadPnpmHoistedDepsDefinition (/Users/gaoge/Library/pnpm/global/5/.pnpm/nx@19.8.2/node_modules/nx/src/plugins/js/lock-file/utils/pnpm-normalizer.js:40:15)
          at getNodes (/Users/gaoge/Library/pnpm/global/5/.pnpm/nx@19.8.2/node_modules/nx/src/plugins/js/lock-file/pnpm-parser.js:213:77)
          at getPnpmLockfileNodes (/Users/gaoge/Library/pnpm/global/5/.pnpm/nx@19.8.2/node_modules/nx/src/plugins/js/lock-file/pnpm-parser.js:32:12)
          at getLockFileNodes (/Users/gaoge/Library/pnpm/global/5/.pnpm/nx@19.8.2/node_modules/nx/src/plugins/js/lock-file/lock-file.js:48:59)
          at exports.createNodes (/Users/gaoge/Library/pnpm/global/5/.pnpm/nx@19.8.2/node_modules/nx/src/plugins/js/index.js:47:64)
          at /Users/gaoge/Library/pnpm/global/5/.pnpm/nx@19.8.2/node_modules/nx/src/project-graph/plugins/utils.js:47:33
          at Array.map (<anonymous>)
          at createNodesFromFiles (/Users/gaoge/Library/pnpm/global/5/.pnpm/nx@19.8.2/node_modules/nx/src/project-graph/plugins/utils.js:45:35)
          at LoadedNxPlugin.createNodes (/Users/gaoge/Library/pnpm/global/5/.pnpm/nx@19.8.2/node_modules/nx/src/project-graph/plugins/internal-api.js:27:76)
          at LoadedNxPlugin.createNodes.<computed> (/Users/gaoge/Library/pnpm/global/5/.pnpm/nx@19.8.2/node_modules/nx/src/project-graph/plugins/internal-api.js:44:34)
[NX Daemon Server] - 2024-10-12T08:10:09.986Z - Time taken for 'total execution time for createProjectGraph()' 0.9756249999991269ms
[NX Daemon Server] - 2024-10-12T08:10:09.986Z - Done responding to the client null
[NX Daemon Server] - 2024-10-12T08:10:09.986Z - Handled REQUEST_PROJECT_GRAPH. Handling time: 6. Response time: 0.
[NX Daemon Server] - 2024-10-12T08:10:09.995Z - Closed a connection. Number of open connections: 0
[NX Daemon Server] - 2024-10-12T08:10:10.048Z - [WATCHER]: 1 file(s) created or restored, 0 file(s) modified, 1 file(s) deleted
[NX Daemon Server] - 2024-10-12T08:10:10.048Z - [WATCHER]: Processing file changes in outputs
[NX Daemon Server] - 2024-10-12T08:10:10.150Z - [REQUEST]: Updated workspace context based on watched changes, recomputing project graph...
[NX Daemon Server] - 2024-10-12T08:10:10.150Z - [REQUEST]: lerna-debug.log
[NX Daemon Server] - 2024-10-12T08:10:10.150Z - [REQUEST]: lerna-debug.log.928249961
[NX Daemon Server] - 2024-10-12T08:10:10.151Z - Time taken for 'hash changed files from watcher' 0.17758300000059535ms

 NX   Failed to parse pnpm lockfile

Please open an issue at `https://github.com/nrwl/nx/issues/new?template=1-bug.yml` and provide a reproduction.

Original error: Could not find ".modules.yaml" at "/Users/gaoge/code/demo/lerna-demo/node_modules/.modules.yaml"


Error: Could not find ".modules.yaml" at "/Users/gaoge/code/demo/lerna-demo/node_modules/.modules.yaml"
    at loadPnpmHoistedDepsDefinition (/Users/gaoge/Library/pnpm/global/5/.pnpm/nx@19.8.2/node_modules/nx/src/plugins/js/lock-file/utils/pnpm-normalizer.js:40:15)
    at getNodes (/Users/gaoge/Library/pnpm/global/5/.pnpm/nx@19.8.2/node_modules/nx/src/plugins/js/lock-file/pnpm-parser.js:213:77)
    at getPnpmLockfileNodes (/Users/gaoge/Library/pnpm/global/5/.pnpm/nx@19.8.2/node_modules/nx/src/plugins/js/lock-file/pnpm-parser.js:32:12)
    at getLockFileNodes (/Users/gaoge/Library/pnpm/global/5/.pnpm/nx@19.8.2/node_modules/nx/src/plugins/js/lock-file/lock-file.js:48:59)
    at exports.createNodes (/Users/gaoge/Library/pnpm/global/5/.pnpm/nx@19.8.2/node_modules/nx/src/plugins/js/index.js:47:64)
    at /Users/gaoge/Library/pnpm/global/5/.pnpm/nx@19.8.2/node_modules/nx/src/project-graph/plugins/utils.js:47:33
    at Array.map (<anonymous>)
    at createNodesFromFiles (/Users/gaoge/Library/pnpm/global/5/.pnpm/nx@19.8.2/node_modules/nx/src/project-graph/plugins/utils.js:45:35)
    at LoadedNxPlugin.createNodes (/Users/gaoge/Library/pnpm/global/5/.pnpm/nx@19.8.2/node_modules/nx/src/project-graph/plugins/internal-api.js:27:76)
    at LoadedNxPlugin.createNodes.<computed> (/Users/gaoge/Library/pnpm/global/5/.pnpm/nx@19.8.2/node_modules/nx/src/project-graph/plugins/internal-api.js:44:34)

[NX Daemon Server] - 2024-10-12T08:10:10.154Z - Time taken for 'build-project-configs' 3.2430420000000595ms
[NX Daemon Server] - 2024-10-12T08:10:10.154Z - Time taken for 'total execution time for createProjectGraph()' 0.8701249999994616ms
[NX Daemon Server] - 2024-10-12T08:10:32.700Z - [WATCHER]: _tmp_37656_aa9023a5d5801cee2a43aa48f14e77c9 was deleted
[NX Daemon Server] - 2024-10-12T08:10:32.701Z - [WATCHER]: Processing file changes in outputs
[NX Daemon Server] - 2024-10-12T08:10:32.902Z - [REQUEST]: Updated workspace context based on watched changes, recomputing project graph...
[NX Daemon Server] - 2024-10-12T08:10:32.902Z - [REQUEST]: 
[NX Daemon Server] - 2024-10-12T08:10:32.902Z - [REQUEST]: _tmp_37656_aa9023a5d5801cee2a43aa48f14e77c9
[NX Daemon Server] - 2024-10-12T08:10:32.903Z - Time taken for 'hash changed files from watcher' 0.03687499999796273ms

 NX   Failed to parse pnpm lockfile

Please open an issue at `https://github.com/nrwl/nx/issues/new?template=1-bug.yml` and provide a reproduction.

Original error: Could not find ".modules.yaml" at "/Users/gaoge/code/demo/lerna-demo/node_modules/.modules.yaml"


Error: Could not find ".modules.yaml" at "/Users/gaoge/code/demo/lerna-demo/node_modules/.modules.yaml"
    at loadPnpmHoistedDepsDefinition (/Users/gaoge/Library/pnpm/global/5/.pnpm/nx@19.8.2/node_modules/nx/src/plugins/js/lock-file/utils/pnpm-normalizer.js:40:15)
    at getNodes (/Users/gaoge/Library/pnpm/global/5/.pnpm/nx@19.8.2/node_modules/nx/src/plugins/js/lock-file/pnpm-parser.js:213:77)
    at getPnpmLockfileNodes (/Users/gaoge/Library/pnpm/global/5/.pnpm/nx@19.8.2/node_modules/nx/src/plugins/js/lock-file/pnpm-parser.js:32:12)
    at getLockFileNodes (/Users/gaoge/Library/pnpm/global/5/.pnpm/nx@19.8.2/node_modules/nx/src/plugins/js/lock-file/lock-file.js:48:59)
    at exports.createNodes (/Users/gaoge/Library/pnpm/global/5/.pnpm/nx@19.8.2/node_modules/nx/src/plugins/js/index.js:47:64)
    at /Users/gaoge/Library/pnpm/global/5/.pnpm/nx@19.8.2/node_modules/nx/src/project-graph/plugins/utils.js:47:33
    at Array.map (<anonymous>)
    at createNodesFromFiles (/Users/gaoge/Library/pnpm/global/5/.pnpm/nx@19.8.2/node_modules/nx/src/project-graph/plugins/utils.js:45:35)
    at LoadedNxPlugin.createNodes (/Users/gaoge/Library/pnpm/global/5/.pnpm/nx@19.8.2/node_modules/nx/src/project-graph/plugins/internal-api.js:27:76)
    at LoadedNxPlugin.createNodes.<computed> (/Users/gaoge/Library/pnpm/global/5/.pnpm/nx@19.8.2/node_modules/nx/src/project-graph/plugins/internal-api.js:44:34)

[NX Daemon Server] - 2024-10-12T08:10:32.906Z - Time taken for 'build-project-configs' 4.011792000001151ms
[NX Daemon Server] - 2024-10-12T08:10:32.907Z - Time taken for 'total execution time for createProjectGraph()' 0.8394579999985581ms
[NX Daemon Server] - 2024-10-12T08:10:38.804Z - Established a connection. Number of open connections: 1
[NX Daemon Server] - 2024-10-12T08:10:38.805Z - Closed a connection. Number of open connections: 0
[NX Daemon Server] - 2024-10-12T08:10:38.806Z - Established a connection. Number of open connections: 1
[NX Daemon Server] - 2024-10-12T08:10:38.807Z - [REQUEST]: Client Request for Project Graph Received
[NX Daemon Server] - 2024-10-12T08:10:38.810Z - [REQUEST]: Updated workspace context based on watched changes, recomputing project graph...
[NX Daemon Server] - 2024-10-12T08:10:38.810Z - [REQUEST]: 
[NX Daemon Server] - 2024-10-12T08:10:38.810Z - [REQUEST]: 
[NX Daemon Server] - 2024-10-12T08:10:38.811Z - Time taken for 'hash changed files from watcher' 3.23291700000118ms
[NX Daemon Server] - 2024-10-12T08:10:38.820Z - Time taken for 'build-project-configs' 9.201500000002852ms
[NX Daemon Server] - 2024-10-12T08:10:38.826Z - [REQUEST]: Responding to the client. project-graph
[NX Daemon Server] - 2024-10-12T08:10:38.826Z - Time taken for 'total for creating and serializing project graph' 19.693749999998545ms
[NX Daemon Server] - 2024-10-12T08:10:38.827Z - Done responding to the client project-graph
[NX Daemon Server] - 2024-10-12T08:10:38.827Z - Handled REQUEST_PROJECT_GRAPH. Handling time: 19. Response time: 1.
[NX Daemon Server] - 2024-10-12T08:10:38.827Z - [REQUEST]: Responding to the client. handleContextFileData
[NX Daemon Server] - 2024-10-12T08:10:38.827Z - Done responding to the client handleContextFileData
[NX Daemon Server] - 2024-10-12T08:10:38.827Z - Handled GET_CONTEXT_FILE_DATA. Handling time: 0. Response time: 0.
[NX Daemon Server] - 2024-10-12T08:10:38.832Z - [REQUEST]: Client Request for Project Graph Received
[NX Daemon Server] - 2024-10-12T08:10:38.832Z - [REQUEST]: Responding to the client. project-graph
[NX Daemon Server] - 2024-10-12T08:10:38.832Z - Time taken for 'total for creating and serializing project graph' 0.1571669999975711ms
[NX Daemon Server] - 2024-10-12T08:10:38.832Z - Done responding to the client project-graph
[NX Daemon Server] - 2024-10-12T08:10:38.832Z - Handled REQUEST_PROJECT_GRAPH. Handling time: 0. Response time: 0.
[NX Daemon Server] - 2024-10-12T08:10:38.858Z - [REQUEST]: Responding to the client. handleHashTasks
[NX Daemon Server] - 2024-10-12T08:10:38.858Z - Done responding to the client handleHashTasks
[NX Daemon Server] - 2024-10-12T08:10:38.858Z - Handled HASH_TASKS. Handling time: 3. Response time: 0.
[NX Daemon Server] - 2024-10-12T08:10:39.451Z - [REQUEST]: Responding to the client. recordOutputsHash
[NX Daemon Server] - 2024-10-12T08:10:39.451Z - Done responding to the client recordOutputsHash
[NX Daemon Server] - 2024-10-12T08:10:39.451Z - Handled RECORD_OUTPUTS_HASH. Handling time: 2. Response time: 0.
[NX Daemon Server] - 2024-10-12T08:10:39.497Z - [WATCHER]: Processing file changes in outputs
[NX Daemon Server] - 2024-10-12T08:10:39.498Z - [WATCHER]: packages/module1/dist/hello-lerna.txt was created or restored
[NX Daemon Server] - 2024-10-12T08:10:39.599Z - [REQUEST]: Updated workspace context based on watched changes, recomputing project graph...
[NX Daemon Server] - 2024-10-12T08:10:39.599Z - [REQUEST]: packages/module1/dist/hello-lerna.txt
[NX Daemon Server] - 2024-10-12T08:10:39.599Z - [REQUEST]: 
[NX Daemon Server] - 2024-10-12T08:10:39.600Z - Time taken for 'hash changed files from watcher' 0.05066699999588309ms
[NX Daemon Server] - 2024-10-12T08:10:39.602Z - Time taken for 'build-project-configs' 2.678749999999127ms
[NX Daemon Server] - 2024-10-12T08:10:39.604Z - [SYNC]: collect registered sync generators
[NX Daemon Server] - 2024-10-12T08:10:39.604Z - Time taken for 'total execution time for createProjectGraph()' 1.0173330000034184ms
[NX Daemon Server] - 2024-10-12T08:10:39.662Z - Closed a connection. Number of open connections: 0
[NX Daemon Server] - 2024-10-12T08:11:28.301Z - [WATCHER]: lerna-debug.log was deleted
[NX Daemon Server] - 2024-10-12T08:11:28.302Z - [WATCHER]: Processing file changes in outputs
[NX Daemon Server] - 2024-10-12T08:11:28.504Z - [REQUEST]: Updated workspace context based on watched changes, recomputing project graph...
[NX Daemon Server] - 2024-10-12T08:11:28.504Z - [REQUEST]: 
[NX Daemon Server] - 2024-10-12T08:11:28.504Z - [REQUEST]: lerna-debug.log
[NX Daemon Server] - 2024-10-12T08:11:28.508Z - Time taken for 'hash changed files from watcher' 0.06191699999908451ms
[NX Daemon Server] - 2024-10-12T08:11:28.516Z - Time taken for 'build-project-configs' 10.733875000005355ms
[NX Daemon Server] - 2024-10-12T08:11:28.523Z - [SYNC]: collect registered sync generators
[NX Daemon Server] - 2024-10-12T08:11:28.524Z - [SYNC]: project graph hash is the same, not collecting task sync generators
[NX Daemon Server] - 2024-10-12T08:11:28.524Z - [SYNC]: nx.json hash is the same, not collecting global sync generators
[NX Daemon Server] - 2024-10-12T08:11:28.524Z - Time taken for 'total execution time for createProjectGraph()' 4.553708000006736ms
[NX Daemon Server] - 2024-10-12T08:11:37.725Z - Established a connection. Number of open connections: 1
[NX Daemon Server] - 2024-10-12T08:11:37.726Z - Closed a connection. Number of open connections: 0
[NX Daemon Server] - 2024-10-12T08:11:37.726Z - Established a connection. Number of open connections: 1
[NX Daemon Server] - 2024-10-12T08:11:37.727Z - [REQUEST]: Client Request for Project Graph Received
[NX Daemon Server] - 2024-10-12T08:11:37.727Z - [REQUEST]: Responding to the client. project-graph
[NX Daemon Server] - 2024-10-12T08:11:37.727Z - Time taken for 'total for creating and serializing project graph' 0.12333400000352412ms
[NX Daemon Server] - 2024-10-12T08:11:37.727Z - Done responding to the client project-graph
[NX Daemon Server] - 2024-10-12T08:11:37.727Z - Handled REQUEST_PROJECT_GRAPH. Handling time: 0. Response time: 0.
[NX Daemon Server] - 2024-10-12T08:11:37.728Z - [REQUEST]: Responding to the client. handleContextFileData
[NX Daemon Server] - 2024-10-12T08:11:37.728Z - Done responding to the client handleContextFileData
[NX Daemon Server] - 2024-10-12T08:11:37.728Z - Handled GET_CONTEXT_FILE_DATA. Handling time: 0. Response time: 0.
[NX Daemon Server] - 2024-10-12T08:11:37.732Z - [REQUEST]: Client Request for Project Graph Received
[NX Daemon Server] - 2024-10-12T08:11:37.732Z - [REQUEST]: Responding to the client. project-graph
[NX Daemon Server] - 2024-10-12T08:11:37.732Z - Time taken for 'total for creating and serializing project graph' 0.05874999999650754ms
[NX Daemon Server] - 2024-10-12T08:11:37.732Z - Done responding to the client project-graph
[NX Daemon Server] - 2024-10-12T08:11:37.732Z - Handled REQUEST_PROJECT_GRAPH. Handling time: 0. Response time: 0.
[NX Daemon Server] - 2024-10-12T08:11:37.758Z - [REQUEST]: Responding to the client. handleHashTasks
[NX Daemon Server] - 2024-10-12T08:11:37.758Z - Done responding to the client handleHashTasks
[NX Daemon Server] - 2024-10-12T08:11:37.758Z - Handled HASH_TASKS. Handling time: 0. Response time: 0.
[NX Daemon Server] - 2024-10-12T08:11:38.349Z - [REQUEST]: Responding to the client. recordOutputsHash
[NX Daemon Server] - 2024-10-12T08:11:38.349Z - Done responding to the client recordOutputsHash
[NX Daemon Server] - 2024-10-12T08:11:38.349Z - Handled RECORD_OUTPUTS_HASH. Handling time: 3. Response time: 0.
[NX Daemon Server] - 2024-10-12T08:11:38.398Z - [WATCHER]: packages/module1/dist/hello-lerna.txt was modified
[NX Daemon Server] - 2024-10-12T08:11:38.398Z - [WATCHER]: Processing file changes in outputs
[NX Daemon Server] - 2024-10-12T08:11:38.499Z - [REQUEST]: Updated workspace context based on watched changes, recomputing project graph...
[NX Daemon Server] - 2024-10-12T08:11:38.499Z - [REQUEST]: packages/module1/dist/hello-lerna.txt
[NX Daemon Server] - 2024-10-12T08:11:38.499Z - [REQUEST]: 
[NX Daemon Server] - 2024-10-12T08:11:38.500Z - Time taken for 'hash changed files from watcher' 0.051458999994792975ms
[NX Daemon Server] - 2024-10-12T08:11:38.502Z - Time taken for 'build-project-configs' 2.7254159999865806ms
[NX Daemon Server] - 2024-10-12T08:11:38.504Z - [SYNC]: collect registered sync generators
[NX Daemon Server] - 2024-10-12T08:11:38.504Z - [SYNC]: project graph hash is the same, not collecting task sync generators
[NX Daemon Server] - 2024-10-12T08:11:38.504Z - [SYNC]: nx.json hash is the same, not collecting global sync generators
[NX Daemon Server] - 2024-10-12T08:11:38.504Z - Time taken for 'total execution time for createProjectGraph()' 0.9336670000047889ms
[NX Daemon Server] - 2024-10-12T08:11:38.556Z - Closed a connection. Number of open connections: 0
[NX Daemon Server] - 2024-10-12T08:11:39.783Z - Established a connection. Number of open connections: 1
[NX Daemon Server] - 2024-10-12T08:11:39.784Z - Closed a connection. Number of open connections: 0
[NX Daemon Server] - 2024-10-12T08:11:39.784Z - Established a connection. Number of open connections: 1
[NX Daemon Server] - 2024-10-12T08:11:39.785Z - [REQUEST]: Client Request for Project Graph Received
[NX Daemon Server] - 2024-10-12T08:11:39.785Z - [REQUEST]: Responding to the client. project-graph
[NX Daemon Server] - 2024-10-12T08:11:39.785Z - Time taken for 'total for creating and serializing project graph' 0.17816700000548735ms
[NX Daemon Server] - 2024-10-12T08:11:39.785Z - Done responding to the client project-graph
[NX Daemon Server] - 2024-10-12T08:11:39.785Z - Handled REQUEST_PROJECT_GRAPH. Handling time: 0. Response time: 0.
[NX Daemon Server] - 2024-10-12T08:11:39.786Z - [REQUEST]: Responding to the client. handleContextFileData
[NX Daemon Server] - 2024-10-12T08:11:39.786Z - Done responding to the client handleContextFileData
[NX Daemon Server] - 2024-10-12T08:11:39.786Z - Handled GET_CONTEXT_FILE_DATA. Handling time: 0. Response time: 0.
[NX Daemon Server] - 2024-10-12T08:11:39.790Z - [REQUEST]: Client Request for Project Graph Received
[NX Daemon Server] - 2024-10-12T08:11:39.790Z - [REQUEST]: Responding to the client. project-graph
[NX Daemon Server] - 2024-10-12T08:11:39.790Z - Time taken for 'total for creating and serializing project graph' 0.06762499999604188ms
[NX Daemon Server] - 2024-10-12T08:11:39.790Z - Done responding to the client project-graph
[NX Daemon Server] - 2024-10-12T08:11:39.790Z - Handled REQUEST_PROJECT_GRAPH. Handling time: 0. Response time: 0.
[NX Daemon Server] - 2024-10-12T08:11:39.804Z - [REQUEST]: Responding to the client. handleHashTasks
[NX Daemon Server] - 2024-10-12T08:11:39.804Z - Done responding to the client handleHashTasks
[NX Daemon Server] - 2024-10-12T08:11:39.804Z - Handled HASH_TASKS. Handling time: 0. Response time: 0.
[NX Daemon Server] - 2024-10-12T08:11:39.822Z - [REQUEST]: Responding to the client. outputsHashesMatch
[NX Daemon Server] - 2024-10-12T08:11:39.822Z - Done responding to the client outputsHashesMatch
[NX Daemon Server] - 2024-10-12T08:11:39.822Z - Handled OUTPUTS_HASHES_MATCH. Handling time: 2. Response time: 0.
[NX Daemon Server] - 2024-10-12T08:11:39.824Z - [REQUEST]: Responding to the client. recordOutputsHash
[NX Daemon Server] - 2024-10-12T08:11:39.824Z - Done responding to the client recordOutputsHash
[NX Daemon Server] - 2024-10-12T08:11:39.824Z - Handled RECORD_OUTPUTS_HASH. Handling time: 2. Response time: 0.
[NX Daemon Server] - 2024-10-12T08:11:40.015Z - Closed a connection. Number of open connections: 0
[NX Daemon Server] - 2024-10-12T08:11:41.675Z - Established a connection. Number of open connections: 1
[NX Daemon Server] - 2024-10-12T08:11:41.676Z - Closed a connection. Number of open connections: 0
[NX Daemon Server] - 2024-10-12T08:11:41.676Z - Established a connection. Number of open connections: 1
[NX Daemon Server] - 2024-10-12T08:11:41.677Z - [REQUEST]: Client Request for Project Graph Received
[NX Daemon Server] - 2024-10-12T08:11:41.677Z - [REQUEST]: Responding to the client. project-graph
[NX Daemon Server] - 2024-10-12T08:11:41.677Z - Time taken for 'total for creating and serializing project graph' 0.1129170000058366ms
[NX Daemon Server] - 2024-10-12T08:11:41.677Z - Done responding to the client project-graph
[NX Daemon Server] - 2024-10-12T08:11:41.677Z - Handled REQUEST_PROJECT_GRAPH. Handling time: 0. Response time: 0.
[NX Daemon Server] - 2024-10-12T08:11:41.678Z - [REQUEST]: Responding to the client. handleContextFileData
[NX Daemon Server] - 2024-10-12T08:11:41.678Z - Done responding to the client handleContextFileData
[NX Daemon Server] - 2024-10-12T08:11:41.678Z - Handled GET_CONTEXT_FILE_DATA. Handling time: 0. Response time: 0.
[NX Daemon Server] - 2024-10-12T08:11:41.682Z - [REQUEST]: Client Request for Project Graph Received
[NX Daemon Server] - 2024-10-12T08:11:41.682Z - [REQUEST]: Responding to the client. project-graph
[NX Daemon Server] - 2024-10-12T08:11:41.682Z - Time taken for 'total for creating and serializing project graph' 0.10499999999592546ms
[NX Daemon Server] - 2024-10-12T08:11:41.682Z - Done responding to the client project-graph
[NX Daemon Server] - 2024-10-12T08:11:41.682Z - Handled REQUEST_PROJECT_GRAPH. Handling time: 0. Response time: 0.
[NX Daemon Server] - 2024-10-12T08:11:41.696Z - [REQUEST]: Responding to the client. handleHashTasks
[NX Daemon Server] - 2024-10-12T08:11:41.696Z - Done responding to the client handleHashTasks
[NX Daemon Server] - 2024-10-12T08:11:41.696Z - Handled HASH_TASKS. Handling time: 0. Response time: 0.
[NX Daemon Server] - 2024-10-12T08:11:41.715Z - [REQUEST]: Responding to the client. outputsHashesMatch
[NX Daemon Server] - 2024-10-12T08:11:41.715Z - Done responding to the client outputsHashesMatch
[NX Daemon Server] - 2024-10-12T08:11:41.715Z - Handled OUTPUTS_HASHES_MATCH. Handling time: 2. Response time: 0.
[NX Daemon Server] - 2024-10-12T08:11:41.717Z - [REQUEST]: Responding to the client. recordOutputsHash
[NX Daemon Server] - 2024-10-12T08:11:41.717Z - Done responding to the client recordOutputsHash
[NX Daemon Server] - 2024-10-12T08:11:41.717Z - Handled RECORD_OUTPUTS_HASH. Handling time: 1. Response time: 0.
[NX Daemon Server] - 2024-10-12T08:11:41.909Z - Closed a connection. Number of open connections: 0
[NX Daemon Server] - 2024-10-12T08:17:53.649Z - Established a connection. Number of open connections: 1
[NX Daemon Server] - 2024-10-12T08:17:53.650Z - Established a connection. Number of open connections: 2
[NX Daemon Server] - 2024-10-12T08:17:53.650Z - Closed a connection. Number of open connections: 1
[NX Daemon Server] - 2024-10-12T08:17:53.651Z - [REQUEST]: Client Request for Project Graph Received
[NX Daemon Server] - 2024-10-12T08:17:53.651Z - [REQUEST]: Responding to the client. project-graph
[NX Daemon Server] - 2024-10-12T08:17:53.651Z - Time taken for 'total for creating and serializing project graph' 0.15854199999012053ms
[NX Daemon Server] - 2024-10-12T08:17:53.651Z - Done responding to the client project-graph
[NX Daemon Server] - 2024-10-12T08:17:53.651Z - Handled REQUEST_PROJECT_GRAPH. Handling time: 0. Response time: 0.
[NX Daemon Server] - 2024-10-12T08:17:53.652Z - [REQUEST]: Responding to the client. handleContextFileData
[NX Daemon Server] - 2024-10-12T08:17:53.652Z - Done responding to the client handleContextFileData
[NX Daemon Server] - 2024-10-12T08:17:53.652Z - Handled GET_CONTEXT_FILE_DATA. Handling time: 0. Response time: 0.
[NX Daemon Server] - 2024-10-12T08:17:53.656Z - Closed a connection. Number of open connections: 0
[NX Daemon Server] - 2024-10-12T08:29:50.088Z - Established a connection. Number of open connections: 1
[NX Daemon Server] - 2024-10-12T08:29:50.088Z - Established a connection. Number of open connections: 2
[NX Daemon Server] - 2024-10-12T08:29:50.089Z - Closed a connection. Number of open connections: 1
[NX Daemon Server] - 2024-10-12T08:29:50.093Z - [REQUEST]: Client Request for Project Graph Received
[NX Daemon Server] - 2024-10-12T08:29:50.093Z - [REQUEST]: Responding to the client. project-graph
[NX Daemon Server] - 2024-10-12T08:29:50.093Z - Time taken for 'total for creating and serializing project graph' 0.22604199987836182ms
[NX Daemon Server] - 2024-10-12T08:29:50.093Z - Done responding to the client project-graph
[NX Daemon Server] - 2024-10-12T08:29:50.093Z - Handled REQUEST_PROJECT_GRAPH. Handling time: 0. Response time: 0.
[NX Daemon Server] - 2024-10-12T08:29:50.096Z - [REQUEST]: Responding to the client. handleContextFileData
[NX Daemon Server] - 2024-10-12T08:29:50.096Z - Done responding to the client handleContextFileData
[NX Daemon Server] - 2024-10-12T08:29:50.096Z - Handled GET_CONTEXT_FILE_DATA. Handling time: 2. Response time: 0.
[NX Daemon Server] - 2024-10-12T08:29:54.515Z - Closed a connection. Number of open connections: 0
